Lola v0.62, 11/24/2014 06:23:48

Reading sequence lengths from RBG-1.reads.fna
Finished, 440 sequences read

Reading RBG-1.reads.overlap.txt ... ok
83 clusters

1 (4 sequences)
mol-32-1605-020662
mol-32-1605-015901
mol-32-1605-019607
mol-32-1605-061741
2 (6 sequences)
mol-32-1605-050269
mol-32-1605-066339
mol-32-1605-079209
mol-32-15ef-064316
mol-32-1605-060079
mol-32-1605-041558
3 (5 sequences)
mol-32-1605-037545
mol-32-1605-005898
mol-32-15ef-032491
mol-32-15ef-046277
mol-32-1605-064138
4 (5 sequences)
mol-32-1605-030159
mol-32-1605-081876
mol-32-15ef-060096
mol-32-1605-011438
mol-32-1605-030158
5 (2 sequences)
mol-32-1605-066111
mol-32-1605-072987
6 (7 sequences)
mol-32-1605-005805
mol-32-1605-022212
mol-32-1605-081896
mol-32-1605-035305
mol-32-1605-024547
mol-32-15ef-013228
mol-32-1605-038399
7 (4 sequences)
mol-32-1605-027511
mol-32-1605-026623
mol-32-15ef-025546
mol-32-1605-038800
8 (10 sequences)
mol-32-1605-037701
mol-32-1605-037702
mol-32-1605-037690
mol-32-1605-034871
mol-32-1605-009823
mol-32-15ef-044519
mol-32-1605-026882
mol-32-1605-067429
mol-32-1605-041121
mol-32-15ef-007654
9 (4 sequences)
mol-32-1605-048792
mol-32-15ef-041661
mol-32-1605-073615
mol-32-15ef-033755
10 (6 sequences)
mol-32-1605-030643
mol-32-1605-010912
mol-32-1605-046317
mol-32-1605-046316
mol-32-1605-049958
mol-32-1605-014223
11 (16 sequences)
mol-32-1605-041975
mol-32-1605-047266
mol-32-1605-048861
mol-32-15ef-053962
mol-32-1605-069643
mol-32-15ef-060518
mol-32-1605-047234
mol-32-1605-018939
mol-32-1605-060923
mol-32-1605-051322
mol-32-1605-055053
mol-32-1605-021705
mol-32-15ef-045857
mol-32-1605-015352
mol-32-1605-011786
mol-32-1605-069105
12 (4 sequences)
mol-32-1605-070160
mol-32-1605-048260
mol-32-1605-067491
mol-32-1605-000260
13 (2 sequences)
mol-32-1605-083258
mol-32-1605-003789
14 (2 sequences)
mol-32-1605-012090
mol-32-1605-029736
15 (6 sequences)
mol-32-1605-033303
mol-32-1605-055009
mol-32-1605-009061
mol-32-1605-029612
mol-32-1605-033306
mol-32-1605-033176
16 (5 sequences)
mol-32-1605-068968
mol-32-1605-026214
mol-32-1605-049001
mol-32-1605-062420
mol-32-1605-012033
17 (11 sequences)
mol-32-1605-039467
mol-32-1605-016362
mol-32-1605-042550
mol-32-1605-060503
mol-32-15ef-051939
mol-32-1605-016361
mol-32-15ef-039338
mol-32-1605-033606
mol-32-1605-005559
mol-32-15ef-029735
mol-32-15ef-050000
18 (11 sequences)
mol-32-1605-023547
mol-32-1605-016251
mol-32-1605-029240
mol-32-15ef-046666
mol-32-1605-016531
mol-32-15ef-049884
mol-32-1605-034821
mol-32-15ef-024590
mol-32-1605-053894
mol-32-1605-069748
mol-32-1605-047538
19 (10 sequences)
mol-32-15ef-050756
mol-32-1605-016280
mol-32-1605-081180
mol-32-1605-024100
mol-32-15ef-005920
mol-32-1605-059654
mol-32-1605-030152
mol-32-15ef-000552
mol-32-1605-021774
mol-32-1605-002861
20 (10 sequences)
mol-32-1605-046409
mol-32-1605-059582
mol-32-1605-025101
mol-32-1605-043226
mol-32-1605-079550
mol-32-1605-012530
mol-32-1605-066828
mol-32-15ef-059735
mol-32-1605-071946
mol-32-1605-006808
21 (3 sequences)
mol-32-1605-076991
mol-32-15ef-051533
mol-32-15ef-067527
22 (3 sequences)
mol-32-1605-047754
mol-32-1605-073537
mol-32-1605-083911
23 (8 sequences)
mol-32-15ef-041685
mol-32-1605-063753
mol-32-1605-011315
mol-32-1605-069069
mol-32-1605-010429
mol-32-1605-059535
mol-32-1605-081704
mol-32-1605-002294
24 (4 sequences)
mol-32-1605-038367
mol-32-15ef-050799
mol-32-1605-016233
mol-32-1605-086057
25 (5 sequences)
mol-32-1605-029810
mol-32-1605-051457
mol-32-15ef-026152
mol-32-15ef-046479
mol-32-15ef-026151
26 (6 sequences)
mol-32-15ef-027024
mol-32-1605-048747
mol-32-1605-048815
mol-32-15ef-054405
mol-32-1605-057411
mol-32-1605-062371
27 (4 sequences)
mol-32-1605-063625
mol-32-1605-028889
mol-32-1605-078415
mol-32-1605-056124
28 (7 sequences)
mol-32-1605-004187
mol-32-1605-070407
mol-32-15ef-022747
mol-32-1605-026400
mol-32-1605-060693
mol-32-1605-070822
mol-32-1605-069930
29 (2 sequences)
mol-32-1605-064730
mol-32-1605-080319
30 (9 sequences)
mol-32-1605-041354
mol-32-1605-000803
mol-32-1605-039120
mol-32-1605-083994
mol-32-1605-012295
mol-32-1605-029024
mol-32-1605-046513
mol-32-1605-039119
mol-32-1605-027489
31 (7 sequences)
mol-32-1605-015278
mol-32-1605-076172
mol-32-1605-058105
mol-32-15ef-034550
mol-32-1605-069901
mol-32-1605-020380
mol-32-1605-045763
32 (6 sequences)
mol-32-15ef-061378
mol-32-1605-010283
mol-32-1605-052213
mol-32-15ef-013473
mol-32-1605-062146
mol-32-15ef-055806
33 (6 sequences)
mol-32-1605-020260
mol-32-1605-048224
mol-32-1605-070361
mol-32-1605-014628
mol-32-15ef-030397
mol-32-15ef-039396
34 (5 sequences)
mol-32-1605-054325
mol-32-1605-014717
mol-32-1605-017030
mol-32-1605-079804
mol-32-1605-048719
35 (7 sequences)
mol-32-1605-078950
mol-32-1605-061302
mol-32-1605-034585
mol-32-1605-035739
mol-32-1605-036438
mol-32-1605-035616
mol-32-1605-070768
36 (15 sequences)
mol-32-1605-026004
mol-32-1605-005720
mol-32-1605-058787
mol-32-15ef-031087
mol-32-15ef-031046
mol-32-1605-007414
mol-32-15ef-006292
mol-32-1605-019413
mol-32-15ef-048174
mol-32-1605-080436
mol-32-1605-061607
mol-32-15ef-015510
mol-32-15ef-048652
mol-32-1605-017723
mol-32-1605-046123
37 (9 sequences)
mol-32-1605-079467
mol-32-15ef-002029
mol-32-1605-056726
mol-32-1605-059333
mol-32-1605-079717
mol-32-15ef-009009
mol-32-1605-083686
mol-32-1605-032554
mol-32-15ef-060594
38 (3 sequences)
mol-32-1605-014516
mol-32-1605-003509
mol-32-1605-003618
39 (4 sequences)
mol-32-1605-017504
mol-32-15ef-045484
mol-32-1605-034550
mol-32-1605-075321
40 (2 sequences)
mol-32-1605-034228
mol-32-1605-005136
41 (2 sequences)
mol-32-1605-060828
mol-32-1605-085857
42 (6 sequences)
mol-32-1605-086334
mol-32-1605-058392
mol-32-1605-072219
mol-32-1605-058398
mol-32-1605-012325
mol-32-1605-086806
43 (2 sequences)
mol-32-1605-067304
mol-32-1605-050049
44 (2 sequences)
mol-32-1605-068873
mol-32-15ef-050049
45 (5 sequences)
mol-32-15ef-037852
mol-32-15ef-005145
mol-32-1605-065516
mol-32-1605-023670
mol-32-1605-033885
46 (3 sequences)
mol-32-1605-050147
mol-32-15ef-055173
mol-32-15ef-066826
47 (9 sequences)
mol-32-15ef-041488
mol-32-1605-035210
mol-32-1605-023492
mol-32-1605-038812
mol-32-1605-017960
mol-32-1605-084557
mol-32-1605-040151
mol-32-1605-017851
mol-32-15ef-022311
48 (2 sequences)
mol-32-1605-017102
mol-32-1605-081099
49 (4 sequences)
mol-32-1605-085054
mol-32-1605-069072
mol-32-1605-019354
mol-32-1605-077657
50 (3 sequences)
mol-32-1605-024757
mol-32-1605-001365
mol-32-1605-068581
51 (5 sequences)
mol-32-1605-076859
mol-32-1605-024141
mol-32-1605-080067
mol-32-15ef-005910
mol-32-1605-054489
52 (5 sequences)
mol-32-1605-058892
mol-32-1605-073534
mol-32-1605-044951
mol-32-15ef-001142
mol-32-1605-016634
53 (5 sequences)
mol-32-1605-008984
mol-32-15ef-027475
mol-32-1605-015485
mol-32-1605-039276
mol-32-1605-069763
54 (4 sequences)
mol-32-1605-018105
mol-32-1605-053170
mol-32-15ef-067312
mol-32-1605-067417
55 (2 sequences)
mol-32-1605-041253
mol-32-1605-005086
56 (7 sequences)
mol-32-1605-030326
mol-32-1605-012292
mol-32-1605-032423
mol-32-1605-021473
mol-32-1605-037982
mol-32-1605-077240
mol-32-1605-045600
57 (4 sequences)
mol-32-1605-068376
mol-32-1605-034442
mol-32-1605-004173
mol-32-1605-086536
58 (3 sequences)
mol-32-15ef-035498
mol-32-1605-040232
mol-32-1605-011646
59 (5 sequences)
mol-32-1605-040914
mol-32-15ef-041930
mol-32-1605-001011
mol-32-1605-066056
mol-32-1605-040950
60 (4 sequences)
mol-32-1605-083306
mol-32-15ef-044208
mol-32-15ef-066706
mol-32-15ef-037372
61 (5 sequences)
mol-32-15ef-060737
mol-32-1605-006813
mol-32-1605-057930
mol-32-15ef-060736
mol-32-1605-011456
62 (4 sequences)
mol-32-1605-008093
mol-32-1605-026283
mol-32-15ef-016806
mol-32-1605-056747
63 (2 sequences)
mol-32-1605-029137
mol-32-1605-039466
64 (5 sequences)
mol-32-1605-076683
mol-32-1605-079531
mol-32-1605-075691
mol-32-1605-017078
mol-32-15ef-063653
65 (3 sequences)
mol-32-1605-062441
mol-32-1605-031751
mol-32-1605-060951
66 (4 sequences)
mol-32-1605-016300
mol-32-1605-002320
mol-32-1605-010164
mol-32-1605-002321
67 (2 sequences)
mol-32-1605-039436
mol-32-1605-005667
68 (2 sequences)
mol-32-1605-040108
mol-32-1605-067010
69 (2 sequences)
mol-32-1605-023630
mol-32-1605-023042
70 (5 sequences)
mol-32-1605-035845
mol-32-1605-086893
mol-32-1605-057162
mol-32-15ef-027232
mol-32-15ef-053325
71 (5 sequences)
mol-32-15ef-035855
mol-32-1605-033186
mol-32-1605-001397
mol-32-1605-086722
mol-32-1605-077682
72 (4 sequences)
mol-32-1605-042964
mol-32-1605-065547
mol-32-1605-073304
mol-32-1605-034085
73 (3 sequences)
mol-32-1605-021373
mol-32-1605-036499
mol-32-1605-011389
74 (2 sequences)
mol-32-1605-080364
mol-32-1605-031704
75 (2 sequences)
mol-32-15ef-017686
mol-32-1605-036674
76 (2 sequences)
mol-32-15ef-057430
mol-32-1605-082712
77 (2 sequences)
mol-32-1605-027491
mol-32-1605-057015
78 (2 sequences)
mol-32-1605-084718
mol-32-15ef-063331
79 (3 sequences)
mol-32-15ef-015252
mol-32-1605-024150
mol-32-1605-054766
80 (2 sequences)
mol-32-1605-027620
mol-32-15ef-018416
81 (2 sequences)
mol-32-1605-003154
mol-32-1605-078841
82 (2 sequences)
mol-32-1605-014557
mol-32-1605-074400
83 (2 sequences)
mol-32-1605-059318
mol-32-1605-059909

Finished, 11/24/2014 06:23:49

